<?xml version="1.0" encoding="UTF-8"?>
<!-- Generated by org.testng.reporters.JUnitReportReporter -->
<testsuite skipped="0" hostname="C230Dcok" name="com.crm.tests.LoginTest" tests="1" failures="0" timestamp="04 Feb 2021 05:03:26 GMT" time="11.115" errors="0">
  <testcase name="LoginPage" time="11.115" classname="com.crm.tests.LoginTest"/>
</testsuite> <!-- com.crm.tests.LoginTest -->
